<?xml version="1.0" encoding="UTF-8"?>
<testsuite xmlns:xsi="http://www.w3.org/2001/XMLSchema-instance" xsi:noNamespaceSchemaLocation="https://maven.apache.org/surefire/maven-surefire-plugin/xsd/surefire-test-report.xsd" name="com.cpx.cpxtestservice.CpxTestServiceApplicationTests" time="0.046" tests="1" errors="1" skipped="0" failures="0">
  <properties>
    <property name="gopherProxySet" value="false"/>
    <property name="awt.toolkit" value="sun.lwawt.macosx.LWCToolkit"/>
    <property name="file.encoding.pkg" value="sun.io"/>
    <property name="java.specification.version" value="1.8"/>
    <property name="sun.cpu.isalist" value=""/>
    <property name="sun.jnu.encoding" value="UTF-8"/>
    <property name="java.class.path" value="/Users/chenpengxiang/Documents/code/cpx-parent/cpx-service/cpx-test-service/target/test-classes:/Users/chenpengxiang/Documents/code/cpx-parent/cpx-service/cpx-test-service/target/classes:/Users/chenpengxiang/developEnvironment/maven/apache-maven-3.6.3/repository/org/springframework/boot/spring-boot-starter-web/2.3.9.RELEASE/spring-boot-starter-web-2.3.9.RELEASE.jar:/Users/chenpengxiang/developEnvironment/maven/apache-maven-3.6.3/repository/org/springframework/boot/spring-boot-starter/2.3.9.RELEASE/spring-boot-starter-2.3.9.RELEASE.jar:/Users/chenpengxiang/developEnvironment/maven/apache-maven-3.6.3/repository/org/springframework/boot/spring-boot/2.3.9.RELEASE/spring-boot-2.3.9.RELEASE.jar:/Users/chenpengxiang/developEnvironment/maven/apache-maven-3.6.3/repository/org/springframework/boot/spring-boot-autoconfigure/2.3.9.RELEASE/spring-boot-autoconfigure-2.3.9.RELEASE.jar:/Users/chenpengxiang/developEnvironment/maven/apache-maven-3.6.3/repository/jakarta/annotation/jakarta.annotation-api/1.3.5/jakarta.annotation-api-1.3.5.jar:/Users/chenpengxiang/developEnvironment/maven/apache-maven-3.6.3/repository/org/yaml/snakeyaml/1.26/snakeyaml-1.26.jar:/Users/chenpengxiang/developEnvironment/maven/apache-maven-3.6.3/repository/org/springframework/boot/spring-boot-starter-json/2.3.9.RELEASE/spring-boot-starter-json-2.3.9.RELEASE.jar:/Users/chenpengxiang/developEnvironment/maven/apache-maven-3.6.3/repository/com/fasterxml/jackson/core/jackson-databind/2.11.4/jackson-databind-2.11.4.jar:/Users/chenpengxiang/developEnvironment/maven/apache-maven-3.6.3/repository/com/fasterxml/jackson/core/jackson-annotations/2.11.4/jackson-annotations-2.11.4.jar:/Users/chenpengxiang/developEnvironment/maven/apache-maven-3.6.3/repository/com/fasterxml/jackson/datatype/jackson-datatype-jdk8/2.11.4/jackson-datatype-jdk8-2.11.4.jar:/Users/chenpengxiang/developEnvironment/maven/apache-maven-3.6.3/repository/com/fasterxml/jackson/datatype/jackson-datatype-jsr310/2.11.4/jackson-datatype-jsr310-2.11.4.jar:/Users/chenpengxiang/developEnvironment/maven/apache-maven-3.6.3/repository/com/fasterxml/jackson/module/jackson-module-parameter-names/2.11.4/jackson-module-parameter-names-2.11.4.jar:/Users/chenpengxiang/developEnvironment/maven/apache-maven-3.6.3/repository/org/springframework/boot/spring-boot-starter-tomcat/2.3.9.RELEASE/spring-boot-starter-tomcat-2.3.9.RELEASE.jar:/Users/chenpengxiang/developEnvironment/maven/apache-maven-3.6.3/repository/org/apache/tomcat/embed/tomcat-embed-core/9.0.43/tomcat-embed-core-9.0.43.jar:/Users/chenpengxiang/developEnvironment/maven/apache-maven-3.6.3/repository/org/glassfish/jakarta.el/3.0.3/jakarta.el-3.0.3.jar:/Users/chenpengxiang/developEnvironment/maven/apache-maven-3.6.3/repository/org/apache/tomcat/embed/tomcat-embed-websocket/9.0.43/tomcat-embed-websocket-9.0.43.jar:/Users/chenpengxiang/developEnvironment/maven/apache-maven-3.6.3/repository/org/springframework/spring-web/5.2.13.RELEASE/spring-web-5.2.13.RELEASE.jar:/Users/chenpengxiang/developEnvironment/maven/apache-maven-3.6.3/repository/org/springframework/spring-beans/5.2.13.RELEASE/spring-beans-5.2.13.RELEASE.jar:/Users/chenpengxiang/developEnvironment/maven/apache-maven-3.6.3/repository/org/springframework/spring-webmvc/5.2.13.RELEASE/spring-webmvc-5.2.13.RELEASE.jar:/Users/chenpengxiang/developEnvironment/maven/apache-maven-3.6.3/repository/org/springframework/spring-aop/5.2.13.RELEASE/spring-aop-5.2.13.RELEASE.jar:/Users/chenpengxiang/developEnvironment/maven/apache-maven-3.6.3/repository/org/springframework/spring-context/5.2.13.RELEASE/spring-context-5.2.13.RELEASE.jar:/Users/chenpengxiang/developEnvironment/maven/apache-maven-3.6.3/repository/org/springframework/spring-expression/5.2.13.RELEASE/spring-expression-5.2.13.RELEASE.jar:/Users/chenpengxiang/developEnvironment/maven/apache-maven-3.6.3/repository/org/springframework/boot/spring-boot-starter-test/2.3.9.RELEASE/spring-boot-starter-test-2.3.9.RELEASE.jar:/Users/chenpengxiang/developEnvironment/maven/apache-maven-3.6.3/repository/org/springframework/boot/spring-boot-test/2.3.9.RELEASE/spring-boot-test-2.3.9.RELEASE.jar:/Users/chenpengxiang/developEnvironment/maven/apache-maven-3.6.3/repository/org/springframework/boot/spring-boot-test-autoconfigure/2.3.9.RELEASE/spring-boot-test-autoconfigure-2.3.9.RELEASE.jar:/Users/chenpengxiang/developEnvironment/maven/apache-maven-3.6.3/repository/com/jayway/jsonpath/json-path/2.4.0/json-path-2.4.0.jar:/Users/chenpengxiang/developEnvironment/maven/apache-maven-3.6.3/repository/net/minidev/json-smart/2.3/json-smart-2.3.jar:/Users/chenpengxiang/developEnvironment/maven/apache-maven-3.6.3/repository/net/minidev/accessors-smart/1.2/accessors-smart-1.2.jar:/Users/chenpengxiang/developEnvironment/maven/apache-maven-3.6.3/repository/org/ow2/asm/asm/5.0.4/asm-5.0.4.jar:/Users/chenpengxiang/developEnvironment/maven/apache-maven-3.6.3/repository/org/slf4j/slf4j-api/1.7.30/slf4j-api-1.7.30.jar:/Users/chenpengxiang/developEnvironment/maven/apache-maven-3.6.3/repository/jakarta/xml/bind/jakarta.xml.bind-api/2.3.3/jakarta.xml.bind-api-2.3.3.jar:/Users/chenpengxiang/developEnvironment/maven/apache-maven-3.6.3/repository/jakarta/activation/jakarta.activation-api/1.2.2/jakarta.activation-api-1.2.2.jar:/Users/chenpengxiang/developEnvironment/maven/apache-maven-3.6.3/repository/org/assertj/assertj-core/3.16.1/assertj-core-3.16.1.jar:/Users/chenpengxiang/developEnvironment/maven/apache-maven-3.6.3/repository/org/hamcrest/hamcrest/2.2/hamcrest-2.2.jar:/Users/chenpengxiang/developEnvironment/maven/apache-maven-3.6.3/repository/org/junit/jupiter/junit-jupiter/5.6.3/junit-jupiter-5.6.3.jar:/Users/chenpengxiang/developEnvironment/maven/apache-maven-3.6.3/repository/org/junit/jupiter/junit-jupiter-api/5.6.3/junit-jupiter-api-5.6.3.jar:/Users/chenpengxiang/developEnvironment/maven/apache-maven-3.6.3/repository/org/opentest4j/opentest4j/1.2.0/opentest4j-1.2.0.jar:/Users/chenpengxiang/developEnvironment/maven/apache-maven-3.6.3/repository/org/junit/platform/junit-platform-commons/1.6.3/junit-platform-commons-1.6.3.jar:/Users/chenpengxiang/developEnvironment/maven/apache-maven-3.6.3/repository/org/junit/jupiter/junit-jupiter-params/5.6.3/junit-jupiter-params-5.6.3.jar:/Users/chenpengxiang/developEnvironment/maven/apache-maven-3.6.3/repository/org/junit/jupiter/junit-jupiter-engine/5.6.3/junit-jupiter-engine-5.6.3.jar:/Users/chenpengxiang/developEnvironment/maven/apache-maven-3.6.3/repository/org/junit/vintage/junit-vintage-engine/5.6.3/junit-vintage-engine-5.6.3.jar:/Users/chenpengxiang/developEnvironment/maven/apache-maven-3.6.3/repository/org/apiguardian/apiguardian-api/1.1.0/apiguardian-api-1.1.0.jar:/Users/chenpengxiang/developEnvironment/maven/apache-maven-3.6.3/repository/org/junit/platform/junit-platform-engine/1.6.3/junit-platform-engine-1.6.3.jar:/Users/chenpengxiang/developEnvironment/maven/apache-maven-3.6.3/repository/junit/junit/4.12/junit-4.12.jar:/Users/chenpengxiang/developEnvironment/maven/apache-maven-3.6.3/repository/org/mockito/mockito-core/3.3.3/mockito-core-3.3.3.jar:/Users/chenpengxiang/developEnvironment/maven/apache-maven-3.6.3/repository/net/bytebuddy/byte-buddy/1.10.20/byte-buddy-1.10.20.jar:/Users/chenpengxiang/developEnvironment/maven/apache-maven-3.6.3/repository/net/bytebuddy/byte-buddy-agent/1.10.20/byte-buddy-agent-1.10.20.jar:/Users/chenpengxiang/developEnvironment/maven/apache-maven-3.6.3/repository/org/objenesis/objenesis/2.6/objenesis-2.6.jar:/Users/chenpengxiang/developEnvironment/maven/apache-maven-3.6.3/repository/org/mockito/mockito-junit-jupiter/3.3.3/mockito-junit-jupiter-3.3.3.jar:/Users/chenpengxiang/developEnvironment/maven/apache-maven-3.6.3/repository/org/skyscreamer/jsonassert/1.5.0/jsonassert-1.5.0.jar:/Users/chenpengxiang/developEnvironment/maven/apache-maven-3.6.3/repository/com/vaadin/external/google/android-json/0.0.20131108.vaadin1/android-json-0.0.20131108.vaadin1.jar:/Users/chenpengxiang/developEnvironment/maven/apache-maven-3.6.3/repository/org/springframework/spring-core/5.2.13.RELEASE/spring-core-5.2.13.RELEASE.jar:/Users/chenpengxiang/developEnvironment/maven/apache-maven-3.6.3/repository/org/springframework/spring-jcl/5.2.13.RELEASE/spring-jcl-5.2.13.RELEASE.jar:/Users/chenpengxiang/developEnvironment/maven/apache-maven-3.6.3/repository/org/springframework/spring-test/5.2.13.RELEASE/spring-test-5.2.13.RELEASE.jar:/Users/chenpengxiang/developEnvironment/maven/apache-maven-3.6.3/repository/org/xmlunit/xmlunit-core/2.7.0/xmlunit-core-2.7.0.jar:/Users/chenpengxiang/developEnvironment/maven/apache-maven-3.6.3/repository/com/alibaba/cloud/spring-cloud-starter-alibaba-nacos-discovery/2.2.5.RELEASE/spring-cloud-starter-alibaba-nacos-discovery-2.2.5.RELEASE.jar:/Users/chenpengxiang/developEnvironment/maven/apache-maven-3.6.3/repository/com/alibaba/cloud/spring-cloud-alibaba-commons/2.2.5.RELEASE/spring-cloud-alibaba-commons-2.2.5.RELEASE.jar:/Users/chenpengxiang/developEnvironment/maven/apache-maven-3.6.3/repository/com/alibaba/nacos/nacos-client/1.4.1/nacos-client-1.4.1.jar:/Users/chenpengxiang/developEnvironment/maven/apache-maven-3.6.3/repository/com/alibaba/nacos/nacos-common/1.4.1/nacos-common-1.4.1.jar:/Users/chenpengxiang/developEnvironment/maven/apache-maven-3.6.3/repository/commons-io/commons-io/2.6/commons-io-2.6.jar:/Users/chenpengxiang/developEnvironment/maven/apache-maven-3.6.3/repository/org/apache/httpcomponents/httpasyncclient/4.1.4/httpasyncclient-4.1.4.jar:/Users/chenpengxiang/developEnvironment/maven/apache-maven-3.6.3/repository/org/apache/httpcomponents/httpcore/4.4.14/httpcore-4.4.14.jar:/Users/chenpengxiang/developEnvironment/maven/apache-maven-3.6.3/repository/org/apache/httpcomponents/httpcore-nio/4.4.14/httpcore-nio-4.4.14.jar:/Users/chenpengxiang/developEnvironment/maven/apache-maven-3.6.3/repository/com/alibaba/nacos/nacos-api/1.4.1/nacos-api-1.4.1.jar:/Users/chenpengxiang/developEnvironment/maven/apache-maven-3.6.3/repository/com/google/guava/guava/29.0-jre/guava-29.0-jre.jar:/Users/chenpengxiang/developEnvironment/maven/apache-maven-3.6.3/repository/com/google/guava/failureaccess/1.0.1/failureaccess-1.0.1.jar:/Users/chenpengxiang/developEnvironment/maven/apache-maven-3.6.3/repository/com/google/guava/listenablefuture/9999.0-empty-to-avoid-conflict-with-guava/listenablefuture-9999.0-empty-to-avoid-conflict-with-guava.jar:/Users/chenpengxiang/developEnvironment/maven/apache-maven-3.6.3/repository/com/google/code/findbugs/jsr305/3.0.2/jsr305-3.0.2.jar:/Users/chenpengxiang/developEnvironment/maven/apache-maven-3.6.3/repository/org/checkerframework/checker-qual/2.11.1/checker-qual-2.11.1.jar:/Users/chenpengxiang/developEnvironment/maven/apache-maven-3.6.3/repository/com/google/errorprone/error_prone_annotations/2.3.4/error_prone_annotations-2.3.4.jar:/Users/chenpengxiang/developEnvironment/maven/apache-maven-3.6.3/repository/com/google/j2objc/j2objc-annotations/1.3/j2objc-annotations-1.3.jar:/Users/chenpengxiang/developEnvironment/maven/apache-maven-3.6.3/repository/commons-codec/commons-codec/1.12/commons-codec-1.12.jar:/Users/chenpengxiang/developEnvironment/maven/apache-maven-3.6.3/repository/com/fasterxml/jackson/core/jackson-core/2.11.4/jackson-core-2.11.4.jar:/Users/chenpengxiang/developEnvironment/maven/apache-maven-3.6.3/repository/io/prometheus/simpleclient/0.5.0/simpleclient-0.5.0.jar:/Users/chenpengxiang/developEnvironment/maven/apache-maven-3.6.3/repository/com/alibaba/spring/spring-context-support/1.0.10/spring-context-support-1.0.10.jar:/Users/chenpengxiang/developEnvironment/maven/apache-maven-3.6.3/repository/org/springframework/cloud/spring-cloud-commons/2.2.7.RELEASE/spring-cloud-commons-2.2.7.RELEASE.jar:/Users/chenpengxiang/developEnvironment/maven/apache-maven-3.6.3/repository/org/springframework/security/spring-security-crypto/5.3.8.RELEASE/spring-security-crypto-5.3.8.RELEASE.jar:/Users/chenpengxiang/developEnvironment/maven/apache-maven-3.6.3/repository/org/springframework/cloud/spring-cloud-context/2.2.7.RELEASE/spring-cloud-context-2.2.7.RELEASE.jar:/Users/chenpengxiang/developEnvironment/maven/apache-maven-3.6.3/repository/org/springframework/cloud/spring-cloud-starter-netflix-ribbon/2.2.7.RELEASE/spring-cloud-starter-netflix-ribbon-2.2.7.RELEASE.jar:/Users/chenpengxiang/developEnvironment/maven/apache-maven-3.6.3/repository/org/springframework/cloud/spring-cloud-starter/2.2.7.RELEASE/spring-cloud-starter-2.2.7.RELEASE.jar:/Users/chenpengxiang/developEnvironment/maven/apache-maven-3.6.3/repository/org/springframework/security/spring-security-rsa/1.0.9.RELEASE/spring-security-rsa-1.0.9.RELEASE.jar:/Users/chenpengxiang/developEnvironment/maven/apache-maven-3.6.3/repository/org/bouncycastle/bcpkix-jdk15on/1.64/bcpkix-jdk15on-1.64.jar:/Users/chenpengxiang/developEnvironment/maven/apache-maven-3.6.3/repository/org/bouncycastle/bcprov-jdk15on/1.64/bcprov-jdk15on-1.64.jar:/Users/chenpengxiang/developEnvironment/maven/apache-maven-3.6.3/repository/org/springframework/cloud/spring-cloud-netflix-ribbon/2.2.7.RELEASE/spring-cloud-netflix-ribbon-2.2.7.RELEASE.jar:/Users/chenpengxiang/developEnvironment/maven/apache-maven-3.6.3/repository/org/springframework/cloud/spring-cloud-netflix-archaius/2.2.7.RELEASE/spring-cloud-netflix-archaius-2.2.7.RELEASE.jar:/Users/chenpengxiang/developEnvironment/maven/apache-maven-3.6.3/repository/org/springframework/cloud/spring-cloud-starter-netflix-archaius/2.2.7.RELEASE/spring-cloud-starter-netflix-archaius-2.2.7.RELEASE.jar:/Users/chenpengxiang/developEnvironment/maven/apache-maven-3.6.3/repository/com/netflix/archaius/archaius-core/0.7.7/archaius-core-0.7.7.jar:/Users/chenpengxiang/developEnvironment/maven/apache-maven-3.6.3/repository/commons-configuration/commons-configuration/1.8/commons-configuration-1.8.jar:/Users/chenpengxiang/developEnvironment/maven/apache-maven-3.6.3/repository/com/netflix/ribbon/ribbon/2.3.0/ribbon-2.3.0.jar:/Users/chenpengxiang/developEnvironment/maven/apache-maven-3.6.3/repository/com/netflix/ribbon/ribbon-transport/2.3.0/ribbon-transport-2.3.0.jar:/Users/chenpengxiang/developEnvironment/maven/apache-maven-3.6.3/repository/io/reactivex/rxnetty-contexts/0.4.9/rxnetty-contexts-0.4.9.jar:/Users/chenpengxiang/developEnvironment/maven/apache-maven-3.6.3/repository/io/reactivex/rxnetty-servo/0.4.9/rxnetty-servo-0.4.9.jar:/Users/chenpengxiang/developEnvironment/maven/apache-maven-3.6.3/repository/com/netflix/hystrix/hystrix-core/1.5.18/hystrix-core-1.5.18.jar:/Users/chenpengxiang/developEnvironment/maven/apache-maven-3.6.3/repository/org/hdrhistogram/HdrHistogram/2.1.9/HdrHistogram-2.1.9.jar:/Users/chenpengxiang/developEnvironment/maven/apache-maven-3.6.3/repository/javax/inject/javax.inject/1/javax.inject-1.jar:/Users/chenpengxiang/developEnvironment/maven/apache-maven-3.6.3/repository/io/reactivex/rxnetty/0.4.9/rxnetty-0.4.9.jar:/Users/chenpengxiang/developEnvironment/maven/apache-maven-3.6.3/repository/com/netflix/ribbon/ribbon-core/2.3.0/ribbon-core-2.3.0.jar:/Users/chenpengxiang/developEnvironment/maven/apache-maven-3.6.3/repository/commons-lang/commons-lang/2.6/commons-lang-2.6.jar:/Users/chenpengxiang/developEnvironment/maven/apache-maven-3.6.3/repository/com/netflix/ribbon/ribbon-httpclient/2.3.0/ribbon-httpclient-2.3.0.jar:/Users/chenpengxiang/developEnvironment/maven/apache-maven-3.6.3/repository/commons-collections/commons-collections/3.2.2/commons-collections-3.2.2.jar:/Users/chenpengxiang/developEnvironment/maven/apache-maven-3.6.3/repository/org/apache/httpcomponents/httpclient/4.5.13/httpclient-4.5.13.jar:/Users/chenpengxiang/developEnvironment/maven/apache-maven-3.6.3/repository/com/sun/jersey/jersey-client/1.19.1/jersey-client-1.19.1.jar:/Users/chenpengxiang/developEnvironment/maven/apache-maven-3.6.3/repository/com/sun/jersey/jersey-core/1.19.1/jersey-core-1.19.1.jar:/Users/chenpengxiang/developEnvironment/maven/apache-maven-3.6.3/repository/javax/ws/rs/jsr311-api/1.1.1/jsr311-api-1.1.1.jar:/Users/chenpengxiang/developEnvironment/maven/apache-maven-3.6.3/repository/com/sun/jersey/contribs/jersey-apache-client4/1.19.1/jersey-apache-client4-1.19.1.jar:/Users/chenpengxiang/developEnvironment/maven/apache-maven-3.6.3/repository/com/netflix/servo/servo-core/0.12.21/servo-core-0.12.21.jar:/Users/chenpengxiang/developEnvironment/maven/apache-maven-3.6.3/repository/com/netflix/netflix-commons/netflix-commons-util/0.3.0/netflix-commons-util-0.3.0.jar:/Users/chenpengxiang/developEnvironment/maven/apache-maven-3.6.3/repository/com/netflix/ribbon/ribbon-loadbalancer/2.3.0/ribbon-loadbalancer-2.3.0.jar:/Users/chenpengxiang/developEnvironment/maven/apache-maven-3.6.3/repository/com/netflix/netflix-commons/netflix-statistics/0.1.1/netflix-statistics-0.1.1.jar:/Users/chenpengxiang/developEnvironment/maven/apache-maven-3.6.3/repository/io/reactivex/rxjava/1.3.8/rxjava-1.3.8.jar:/Users/chenpengxiang/developEnvironment/maven/apache-maven-3.6.3/repository/com/alibaba/cloud/spring-cloud-starter-alibaba-nacos-config/2.2.5.RELEASE/spring-cloud-starter-alibaba-nacos-config-2.2.5.RELEASE.jar:/Users/chenpengxiang/developEnvironment/maven/apache-maven-3.6.3/repository/com/cpx/cpx-interface/0.0.1-SNAPSHOT/cpx-interface-0.0.1-SNAPSHOT.jar:/Users/chenpengxiang/developEnvironment/maven/apache-maven-3.6.3/repository/org/springframework/cloud/spring-cloud-starter-openfeign/2.2.7.RELEASE/spring-cloud-starter-openfeign-2.2.7.RELEASE.jar:/Users/chenpengxiang/developEnvironment/maven/apache-maven-3.6.3/repository/org/springframework/cloud/spring-cloud-openfeign-core/2.2.7.RELEASE/spring-cloud-openfeign-core-2.2.7.RELEASE.jar:/Users/chenpengxiang/developEnvironment/maven/apache-maven-3.6.3/repository/org/springframework/boot/spring-boot-starter-aop/2.3.9.RELEASE/spring-boot-starter-aop-2.3.9.RELEASE.jar:/Users/chenpengxiang/developEnvironment/maven/apache-maven-3.6.3/repository/org/aspectj/aspectjweaver/1.9.6/aspectjweaver-1.9.6.jar:/Users/chenpengxiang/developEnvironment/maven/apache-maven-3.6.3/repository/io/github/openfeign/form/feign-form-spring/3.8.0/feign-form-spring-3.8.0.jar:/Users/chenpengxiang/developEnvironment/maven/apache-maven-3.6.3/repository/io/github/openfeign/form/feign-form/3.8.0/feign-form-3.8.0.jar:/Users/chenpengxiang/developEnvironment/maven/apache-maven-3.6.3/repository/commons-fileupload/commons-fileupload/1.4/commons-fileupload-1.4.jar:/Users/chenpengxiang/developEnvironment/maven/apache-maven-3.6.3/repository/io/github/openfeign/feign-core/10.10.1/feign-core-10.10.1.jar:/Users/chenpengxiang/developEnvironment/maven/apache-maven-3.6.3/repository/io/github/openfeign/feign-slf4j/10.10.1/feign-slf4j-10.10.1.jar:/Users/chenpengxiang/developEnvironment/maven/apache-maven-3.6.3/repository/io/github/openfeign/feign-hystrix/10.10.1/feign-hystrix-10.10.1.jar:/Users/chenpengxiang/developEnvironment/maven/apache-maven-3.6.3/repository/org/springframework/boot/spring-boot-starter-log4j2/2.3.9.RELEASE/spring-boot-starter-log4j2-2.3.9.RELEASE.jar:/Users/chenpengxiang/developEnvironment/maven/apache-maven-3.6.3/repository/org/apache/logging/log4j/log4j-slf4j-impl/2.13.3/log4j-slf4j-impl-2.13.3.jar:/Users/chenpengxiang/developEnvironment/maven/apache-maven-3.6.3/repository/org/apache/logging/log4j/log4j-core/2.13.3/log4j-core-2.13.3.jar:/Users/chenpengxiang/developEnvironment/maven/apache-maven-3.6.3/repository/org/apache/logging/log4j/log4j-jul/2.13.3/log4j-jul-2.13.3.jar:/Users/chenpengxiang/developEnvironment/maven/apache-maven-3.6.3/repository/org/slf4j/jul-to-slf4j/1.7.30/jul-to-slf4j-1.7.30.jar:/Users/chenpengxiang/developEnvironment/maven/apache-maven-3.6.3/repository/org/projectlombok/lombok/1.18.8/lombok-1.18.8.jar:"/>
    <property name="java.vm.vendor" value="Oracle Corporation"/>
    <property name="sun.arch.data.model" value="64"/>
    <property name="java.vendor.url" value="http://java.oracle.com/"/>
    <property name="user.timezone" value=""/>
    <property name="java.vm.specification.version" value="1.8"/>
    <property name="os.name" value="Mac OS X"/>
    <property name="user.country" value="CN"/>
    <property name="sun.java.launcher" value="SUN_STANDARD"/>
    <property name="sun.boot.library.path" value="/Library/Java/JavaVirtualMachines/jdk1.8.0_351.jdk/Contents/Home/jre/lib"/>
    <property name="sun.java.command" value="/Users/chenpengxiang/Documents/code/cpx-parent/cpx-service/cpx-test-service/target/surefire/surefirebooter5206926881827395451.jar /Users/chenpengxiang/Documents/code/cpx-parent/cpx-service/cpx-test-service/target/surefire 2023-05-16T14-23-53_412-jvmRun1 surefire5300625026214159712tmp surefire_06048760172770992268tmp"/>
    <property name="http.nonProxyHosts" value="local|*.local|169.254/16|*.169.254/16"/>
    <property name="surefire.test.class.path" value="/Users/chenpengxiang/Documents/code/cpx-parent/cpx-service/cpx-test-service/target/test-classes:/Users/chenpengxiang/Documents/code/cpx-parent/cpx-service/cpx-test-service/target/classes:/Users/chenpengxiang/developEnvironment/maven/apache-maven-3.6.3/repository/org/springframework/boot/spring-boot-starter-web/2.3.9.RELEASE/spring-boot-starter-web-2.3.9.RELEASE.jar:/Users/chenpengxiang/developEnvironment/maven/apache-maven-3.6.3/repository/org/springframework/boot/spring-boot-starter/2.3.9.RELEASE/spring-boot-starter-2.3.9.RELEASE.jar:/Users/chenpengxiang/developEnvironment/maven/apache-maven-3.6.3/repository/org/springframework/boot/spring-boot/2.3.9.RELEASE/spring-boot-2.3.9.RELEASE.jar:/Users/chenpengxiang/developEnvironment/maven/apache-maven-3.6.3/repository/org/springframework/boot/spring-boot-autoconfigure/2.3.9.RELEASE/spring-boot-autoconfigure-2.3.9.RELEASE.jar:/Users/chenpengxiang/developEnvironment/maven/apache-maven-3.6.3/repository/jakarta/annotation/jakarta.annotation-api/1.3.5/jakarta.annotation-api-1.3.5.jar:/Users/chenpengxiang/developEnvironment/maven/apache-maven-3.6.3/repository/org/yaml/snakeyaml/1.26/snakeyaml-1.26.jar:/Users/chenpengxiang/developEnvironment/maven/apache-maven-3.6.3/repository/org/springframework/boot/spring-boot-starter-json/2.3.9.RELEASE/spring-boot-starter-json-2.3.9.RELEASE.jar:/Users/chenpengxiang/developEnvironment/maven/apache-maven-3.6.3/repository/com/fasterxml/jackson/core/jackson-databind/2.11.4/jackson-databind-2.11.4.jar:/Users/chenpengxiang/developEnvironment/maven/apache-maven-3.6.3/repository/com/fasterxml/jackson/core/jackson-annotations/2.11.4/jackson-annotations-2.11.4.jar:/Users/chenpengxiang/developEnvironment/maven/apache-maven-3.6.3/repository/com/fasterxml/jackson/datatype/jackson-datatype-jdk8/2.11.4/jackson-datatype-jdk8-2.11.4.jar:/Users/chenpengxiang/developEnvironment/maven/apache-maven-3.6.3/repository/com/fasterxml/jackson/datatype/jackson-datatype-jsr310/2.11.4/jackson-datatype-jsr310-2.11.4.jar:/Users/chenpengxiang/developEnvironment/maven/apache-maven-3.6.3/repository/com/fasterxml/jackson/module/jackson-module-parameter-names/2.11.4/jackson-module-parameter-names-2.11.4.jar:/Users/chenpengxiang/developEnvironment/maven/apache-maven-3.6.3/repository/org/springframework/boot/spring-boot-starter-tomcat/2.3.9.RELEASE/spring-boot-starter-tomcat-2.3.9.RELEASE.jar:/Users/chenpengxiang/developEnvironment/maven/apache-maven-3.6.3/repository/org/apache/tomcat/embed/tomcat-embed-core/9.0.43/tomcat-embed-core-9.0.43.jar:/Users/chenpengxiang/developEnvironment/maven/apache-maven-3.6.3/repository/org/glassfish/jakarta.el/3.0.3/jakarta.el-3.0.3.jar:/Users/chenpengxiang/developEnvironment/maven/apache-maven-3.6.3/repository/org/apache/tomcat/embed/tomcat-embed-websocket/9.0.43/tomcat-embed-websocket-9.0.43.jar:/Users/chenpengxiang/developEnvironment/maven/apache-maven-3.6.3/repository/org/springframework/spring-web/5.2.13.RELEASE/spring-web-5.2.13.RELEASE.jar:/Users/chenpengxiang/developEnvironment/maven/apache-maven-3.6.3/repository/org/springframework/spring-beans/5.2.13.RELEASE/spring-beans-5.2.13.RELEASE.jar:/Users/chenpengxiang/developEnvironment/maven/apache-maven-3.6.3/repository/org/springframework/spring-webmvc/5.2.13.RELEASE/spring-webmvc-5.2.13.RELEASE.jar:/Users/chenpengxiang/developEnvironment/maven/apache-maven-3.6.3/repository/org/springframework/spring-aop/5.2.13.RELEASE/spring-aop-5.2.13.RELEASE.jar:/Users/chenpengxiang/developEnvironment/maven/apache-maven-3.6.3/repository/org/springframework/spring-context/5.2.13.RELEASE/spring-context-5.2.13.RELEASE.jar:/Users/chenpengxiang/developEnvironment/maven/apache-maven-3.6.3/repository/org/springframework/spring-expression/5.2.13.RELEASE/spring-expression-5.2.13.RELEASE.jar:/Users/chenpengxiang/developEnvironment/maven/apache-maven-3.6.3/repository/org/springframework/boot/spring-boot-starter-test/2.3.9.RELEASE/spring-boot-starter-test-2.3.9.RELEASE.jar:/Users/chenpengxiang/developEnvironment/maven/apache-maven-3.6.3/repository/org/springframework/boot/spring-boot-test/2.3.9.RELEASE/spring-boot-test-2.3.9.RELEASE.jar:/Users/chenpengxiang/developEnvironment/maven/apache-maven-3.6.3/repository/org/springframework/boot/spring-boot-test-autoconfigure/2.3.9.RELEASE/spring-boot-test-autoconfigure-2.3.9.RELEASE.jar:/Users/chenpengxiang/developEnvironment/maven/apache-maven-3.6.3/repository/com/jayway/jsonpath/json-path/2.4.0/json-path-2.4.0.jar:/Users/chenpengxiang/developEnvironment/maven/apache-maven-3.6.3/repository/net/minidev/json-smart/2.3/json-smart-2.3.jar:/Users/chenpengxiang/developEnvironment/maven/apache-maven-3.6.3/repository/net/minidev/accessors-smart/1.2/accessors-smart-1.2.jar:/Users/chenpengxiang/developEnvironment/maven/apache-maven-3.6.3/repository/org/ow2/asm/asm/5.0.4/asm-5.0.4.jar:/Users/chenpengxiang/developEnvironment/maven/apache-maven-3.6.3/repository/org/slf4j/slf4j-api/1.7.30/slf4j-api-1.7.30.jar:/Users/chenpengxiang/developEnvironment/maven/apache-maven-3.6.3/repository/jakarta/xml/bind/jakarta.xml.bind-api/2.3.3/jakarta.xml.bind-api-2.3.3.jar:/Users/chenpengxiang/developEnvironment/maven/apache-maven-3.6.3/repository/jakarta/activation/jakarta.activation-api/1.2.2/jakarta.activation-api-1.2.2.jar:/Users/chenpengxiang/developEnvironment/maven/apache-maven-3.6.3/repository/org/assertj/assertj-core/3.16.1/assertj-core-3.16.1.jar:/Users/chenpengxiang/developEnvironment/maven/apache-maven-3.6.3/repository/org/hamcrest/hamcrest/2.2/hamcrest-2.2.jar:/Users/chenpengxiang/developEnvironment/maven/apache-maven-3.6.3/repository/org/junit/jupiter/junit-jupiter/5.6.3/junit-jupiter-5.6.3.jar:/Users/chenpengxiang/developEnvironment/maven/apache-maven-3.6.3/repository/org/junit/jupiter/junit-jupiter-api/5.6.3/junit-jupiter-api-5.6.3.jar:/Users/chenpengxiang/developEnvironment/maven/apache-maven-3.6.3/repository/org/opentest4j/opentest4j/1.2.0/opentest4j-1.2.0.jar:/Users/chenpengxiang/developEnvironment/maven/apache-maven-3.6.3/repository/org/junit/platform/junit-platform-commons/1.6.3/junit-platform-commons-1.6.3.jar:/Users/chenpengxiang/developEnvironment/maven/apache-maven-3.6.3/repository/org/junit/jupiter/junit-jupiter-params/5.6.3/junit-jupiter-params-5.6.3.jar:/Users/chenpengxiang/developEnvironment/maven/apache-maven-3.6.3/repository/org/junit/jupiter/junit-jupiter-engine/5.6.3/junit-jupiter-engine-5.6.3.jar:/Users/chenpengxiang/developEnvironment/maven/apache-maven-3.6.3/repository/org/junit/vintage/junit-vintage-engine/5.6.3/junit-vintage-engine-5.6.3.jar:/Users/chenpengxiang/developEnvironment/maven/apache-maven-3.6.3/repository/org/apiguardian/apiguardian-api/1.1.0/apiguardian-api-1.1.0.jar:/Users/chenpengxiang/developEnvironment/maven/apache-maven-3.6.3/repository/org/junit/platform/junit-platform-engine/1.6.3/junit-platform-engine-1.6.3.jar:/Users/chenpengxiang/developEnvironment/maven/apache-maven-3.6.3/repository/junit/junit/4.12/junit-4.12.jar:/Users/chenpengxiang/developEnvironment/maven/apache-maven-3.6.3/repository/org/mockito/mockito-core/3.3.3/mockito-core-3.3.3.jar:/Users/chenpengxiang/developEnvironment/maven/apache-maven-3.6.3/repository/net/bytebuddy/byte-buddy/1.10.20/byte-buddy-1.10.20.jar:/Users/chenpengxiang/developEnvironment/maven/apache-maven-3.6.3/repository/net/bytebuddy/byte-buddy-agent/1.10.20/byte-buddy-agent-1.10.20.jar:/Users/chenpengxiang/developEnvironment/maven/apache-maven-3.6.3/repository/org/objenesis/objenesis/2.6/objenesis-2.6.jar:/Users/chenpengxiang/developEnvironment/maven/apache-maven-3.6.3/repository/org/mockito/mockito-junit-jupiter/3.3.3/mockito-junit-jupiter-3.3.3.jar:/Users/chenpengxiang/developEnvironment/maven/apache-maven-3.6.3/repository/org/skyscreamer/jsonassert/1.5.0/jsonassert-1.5.0.jar:/Users/chenpengxiang/developEnvironment/maven/apache-maven-3.6.3/repository/com/vaadin/external/google/android-json/0.0.20131108.vaadin1/android-json-0.0.20131108.vaadin1.jar:/Users/chenpengxiang/developEnvironment/maven/apache-maven-3.6.3/repository/org/springframework/spring-core/5.2.13.RELEASE/spring-core-5.2.13.RELEASE.jar:/Users/chenpengxiang/developEnvironment/maven/apache-maven-3.6.3/repository/org/springframework/spring-jcl/5.2.13.RELEASE/spring-jcl-5.2.13.RELEASE.jar:/Users/chenpengxiang/developEnvironment/maven/apache-maven-3.6.3/repository/org/springframework/spring-test/5.2.13.RELEASE/spring-test-5.2.13.RELEASE.jar:/Users/chenpengxiang/developEnvironment/maven/apache-maven-3.6.3/repository/org/xmlunit/xmlunit-core/2.7.0/xmlunit-core-2.7.0.jar:/Users/chenpengxiang/developEnvironment/maven/apache-maven-3.6.3/repository/com/alibaba/cloud/spring-cloud-starter-alibaba-nacos-discovery/2.2.5.RELEASE/spring-cloud-starter-alibaba-nacos-discovery-2.2.5.RELEASE.jar:/Users/chenpengxiang/developEnvironment/maven/apache-maven-3.6.3/repository/com/alibaba/cloud/spring-cloud-alibaba-commons/2.2.5.RELEASE/spring-cloud-alibaba-commons-2.2.5.RELEASE.jar:/Users/chenpengxiang/developEnvironment/maven/apache-maven-3.6.3/repository/com/alibaba/nacos/nacos-client/1.4.1/nacos-client-1.4.1.jar:/Users/chenpengxiang/developEnvironment/maven/apache-maven-3.6.3/repository/com/alibaba/nacos/nacos-common/1.4.1/nacos-common-1.4.1.jar:/Users/chenpengxiang/developEnvironment/maven/apache-maven-3.6.3/repository/commons-io/commons-io/2.6/commons-io-2.6.jar:/Users/chenpengxiang/developEnvironment/maven/apache-maven-3.6.3/repository/org/apache/httpcomponents/httpasyncclient/4.1.4/httpasyncclient-4.1.4.jar:/Users/chenpengxiang/developEnvironment/maven/apache-maven-3.6.3/repository/org/apache/httpcomponents/httpcore/4.4.14/httpcore-4.4.14.jar:/Users/chenpengxiang/developEnvironment/maven/apache-maven-3.6.3/repository/org/apache/httpcomponents/httpcore-nio/4.4.14/httpcore-nio-4.4.14.jar:/Users/chenpengxiang/developEnvironment/maven/apache-maven-3.6.3/repository/com/alibaba/nacos/nacos-api/1.4.1/nacos-api-1.4.1.jar:/Users/chenpengxiang/developEnvironment/maven/apache-maven-3.6.3/repository/com/google/guava/guava/29.0-jre/guava-29.0-jre.jar:/Users/chenpengxiang/developEnvironment/maven/apache-maven-3.6.3/repository/com/google/guava/failureaccess/1.0.1/failureaccess-1.0.1.jar:/Users/chenpengxiang/developEnvironment/maven/apache-maven-3.6.3/repository/com/google/guava/listenablefuture/9999.0-empty-to-avoid-conflict-with-guava/listenablefuture-9999.0-empty-to-avoid-conflict-with-guava.jar:/Users/chenpengxiang/developEnvironment/maven/apache-maven-3.6.3/repository/com/google/code/findbugs/jsr305/3.0.2/jsr305-3.0.2.jar:/Users/chenpengxiang/developEnvironment/maven/apache-maven-3.6.3/repository/org/checkerframework/checker-qual/2.11.1/checker-qual-2.11.1.jar:/Users/chenpengxiang/developEnvironment/maven/apache-maven-3.6.3/repository/com/google/errorprone/error_prone_annotations/2.3.4/error_prone_annotations-2.3.4.jar:/Users/chenpengxiang/developEnvironment/maven/apache-maven-3.6.3/repository/com/google/j2objc/j2objc-annotations/1.3/j2objc-annotations-1.3.jar:/Users/chenpengxiang/developEnvironment/maven/apache-maven-3.6.3/repository/commons-codec/commons-codec/1.12/commons-codec-1.12.jar:/Users/chenpengxiang/developEnvironment/maven/apache-maven-3.6.3/repository/com/fasterxml/jackson/core/jackson-core/2.11.4/jackson-core-2.11.4.jar:/Users/chenpengxiang/developEnvironment/maven/apache-maven-3.6.3/repository/io/prometheus/simpleclient/0.5.0/simpleclient-0.5.0.jar:/Users/chenpengxiang/developEnvironment/maven/apache-maven-3.6.3/repository/com/alibaba/spring/spring-context-support/1.0.10/spring-context-support-1.0.10.jar:/Users/chenpengxiang/developEnvironment/maven/apache-maven-3.6.3/repository/org/springframework/cloud/spring-cloud-commons/2.2.7.RELEASE/spring-cloud-commons-2.2.7.RELEASE.jar:/Users/chenpengxiang/developEnvironment/maven/apache-maven-3.6.3/repository/org/springframework/security/spring-security-crypto/5.3.8.RELEASE/spring-security-crypto-5.3.8.RELEASE.jar:/Users/chenpengxiang/developEnvironment/maven/apache-maven-3.6.3/repository/org/springframework/cloud/spring-cloud-context/2.2.7.RELEASE/spring-cloud-context-2.2.7.RELEASE.jar:/Users/chenpengxiang/developEnvironment/maven/apache-maven-3.6.3/repository/org/springframework/cloud/spring-cloud-starter-netflix-ribbon/2.2.7.RELEASE/spring-cloud-starter-netflix-ribbon-2.2.7.RELEASE.jar:/Users/chenpengxiang/developEnvironment/maven/apache-maven-3.6.3/repository/org/springframework/cloud/spring-cloud-starter/2.2.7.RELEASE/spring-cloud-starter-2.2.7.RELEASE.jar:/Users/chenpengxiang/developEnvironment/maven/apache-maven-3.6.3/repository/org/springframework/security/spring-security-rsa/1.0.9.RELEASE/spring-security-rsa-1.0.9.RELEASE.jar:/Users/chenpengxiang/developEnvironment/maven/apache-maven-3.6.3/repository/org/bouncycastle/bcpkix-jdk15on/1.64/bcpkix-jdk15on-1.64.jar:/Users/chenpengxiang/developEnvironment/maven/apache-maven-3.6.3/repository/org/bouncycastle/bcprov-jdk15on/1.64/bcprov-jdk15on-1.64.jar:/Users/chenpengxiang/developEnvironment/maven/apache-maven-3.6.3/repository/org/springframework/cloud/spring-cloud-netflix-ribbon/2.2.7.RELEASE/spring-cloud-netflix-ribbon-2.2.7.RELEASE.jar:/Users/chenpengxiang/developEnvironment/maven/apache-maven-3.6.3/repository/org/springframework/cloud/spring-cloud-netflix-archaius/2.2.7.RELEASE/spring-cloud-netflix-archaius-2.2.7.RELEASE.jar:/Users/chenpengxiang/developEnvironment/maven/apache-maven-3.6.3/repository/org/springframework/cloud/spring-cloud-starter-netflix-archaius/2.2.7.RELEASE/spring-cloud-starter-netflix-archaius-2.2.7.RELEASE.jar:/Users/chenpengxiang/developEnvironment/maven/apache-maven-3.6.3/repository/com/netflix/archaius/archaius-core/0.7.7/archaius-core-0.7.7.jar:/Users/chenpengxiang/developEnvironment/maven/apache-maven-3.6.3/repository/commons-configuration/commons-configuration/1.8/commons-configuration-1.8.jar:/Users/chenpengxiang/developEnvironment/maven/apache-maven-3.6.3/repository/com/netflix/ribbon/ribbon/2.3.0/ribbon-2.3.0.jar:/Users/chenpengxiang/developEnvironment/maven/apache-maven-3.6.3/repository/com/netflix/ribbon/ribbon-transport/2.3.0/ribbon-transport-2.3.0.jar:/Users/chenpengxiang/developEnvironment/maven/apache-maven-3.6.3/repository/io/reactivex/rxnetty-contexts/0.4.9/rxnetty-contexts-0.4.9.jar:/Users/chenpengxiang/developEnvironment/maven/apache-maven-3.6.3/repository/io/reactivex/rxnetty-servo/0.4.9/rxnetty-servo-0.4.9.jar:/Users/chenpengxiang/developEnvironment/maven/apache-maven-3.6.3/repository/com/netflix/hystrix/hystrix-core/1.5.18/hystrix-core-1.5.18.jar:/Users/chenpengxiang/developEnvironment/maven/apache-maven-3.6.3/repository/org/hdrhistogram/HdrHistogram/2.1.9/HdrHistogram-2.1.9.jar:/Users/chenpengxiang/developEnvironment/maven/apache-maven-3.6.3/repository/javax/inject/javax.inject/1/javax.inject-1.jar:/Users/chenpengxiang/developEnvironment/maven/apache-maven-3.6.3/repository/io/reactivex/rxnetty/0.4.9/rxnetty-0.4.9.jar:/Users/chenpengxiang/developEnvironment/maven/apache-maven-3.6.3/repository/com/netflix/ribbon/ribbon-core/2.3.0/ribbon-core-2.3.0.jar:/Users/chenpengxiang/developEnvironment/maven/apache-maven-3.6.3/repository/commons-lang/commons-lang/2.6/commons-lang-2.6.jar:/Users/chenpengxiang/developEnvironment/maven/apache-maven-3.6.3/repository/com/netflix/ribbon/ribbon-httpclient/2.3.0/ribbon-httpclient-2.3.0.jar:/Users/chenpengxiang/developEnvironment/maven/apache-maven-3.6.3/repository/commons-collections/commons-collections/3.2.2/commons-collections-3.2.2.jar:/Users/chenpengxiang/developEnvironment/maven/apache-maven-3.6.3/repository/org/apache/httpcomponents/httpclient/4.5.13/httpclient-4.5.13.jar:/Users/chenpengxiang/developEnvironment/maven/apache-maven-3.6.3/repository/com/sun/jersey/jersey-client/1.19.1/jersey-client-1.19.1.jar:/Users/chenpengxiang/developEnvironment/maven/apache-maven-3.6.3/repository/com/sun/jersey/jersey-core/1.19.1/jersey-core-1.19.1.jar:/Users/chenpengxiang/developEnvironment/maven/apache-maven-3.6.3/repository/javax/ws/rs/jsr311-api/1.1.1/jsr311-api-1.1.1.jar:/Users/chenpengxiang/developEnvironment/maven/apache-maven-3.6.3/repository/com/sun/jersey/contribs/jersey-apache-client4/1.19.1/jersey-apache-client4-1.19.1.jar:/Users/chenpengxiang/developEnvironment/maven/apache-maven-3.6.3/repository/com/netflix/servo/servo-core/0.12.21/servo-core-0.12.21.jar:/Users/chenpengxiang/developEnvironment/maven/apache-maven-3.6.3/repository/com/netflix/netflix-commons/netflix-commons-util/0.3.0/netflix-commons-util-0.3.0.jar:/Users/chenpengxiang/developEnvironment/maven/apache-maven-3.6.3/repository/com/netflix/ribbon/ribbon-loadbalancer/2.3.0/ribbon-loadbalancer-2.3.0.jar:/Users/chenpengxiang/developEnvironment/maven/apache-maven-3.6.3/repository/com/netflix/netflix-commons/netflix-statistics/0.1.1/netflix-statistics-0.1.1.jar:/Users/chenpengxiang/developEnvironment/maven/apache-maven-3.6.3/repository/io/reactivex/rxjava/1.3.8/rxjava-1.3.8.jar:/Users/chenpengxiang/developEnvironment/maven/apache-maven-3.6.3/repository/com/alibaba/cloud/spring-cloud-starter-alibaba-nacos-config/2.2.5.RELEASE/spring-cloud-starter-alibaba-nacos-config-2.2.5.RELEASE.jar:/Users/chenpengxiang/developEnvironment/maven/apache-maven-3.6.3/repository/com/cpx/cpx-interface/0.0.1-SNAPSHOT/cpx-interface-0.0.1-SNAPSHOT.jar:/Users/chenpengxiang/developEnvironment/maven/apache-maven-3.6.3/repository/org/springframework/cloud/spring-cloud-starter-openfeign/2.2.7.RELEASE/spring-cloud-starter-openfeign-2.2.7.RELEASE.jar:/Users/chenpengxiang/developEnvironment/maven/apache-maven-3.6.3/repository/org/springframework/cloud/spring-cloud-openfeign-core/2.2.7.RELEASE/spring-cloud-openfeign-core-2.2.7.RELEASE.jar:/Users/chenpengxiang/developEnvironment/maven/apache-maven-3.6.3/repository/org/springframework/boot/spring-boot-starter-aop/2.3.9.RELEASE/spring-boot-starter-aop-2.3.9.RELEASE.jar:/Users/chenpengxiang/developEnvironment/maven/apache-maven-3.6.3/repository/org/aspectj/aspectjweaver/1.9.6/aspectjweaver-1.9.6.jar:/Users/chenpengxiang/developEnvironment/maven/apache-maven-3.6.3/repository/io/github/openfeign/form/feign-form-spring/3.8.0/feign-form-spring-3.8.0.jar:/Users/chenpengxiang/developEnvironment/maven/apache-maven-3.6.3/repository/io/github/openfeign/form/feign-form/3.8.0/feign-form-3.8.0.jar:/Users/chenpengxiang/developEnvironment/maven/apache-maven-3.6.3/repository/commons-fileupload/commons-fileupload/1.4/commons-fileupload-1.4.jar:/Users/chenpengxiang/developEnvironment/maven/apache-maven-3.6.3/repository/io/github/openfeign/feign-core/10.10.1/feign-core-10.10.1.jar:/Users/chenpengxiang/developEnvironment/maven/apache-maven-3.6.3/repository/io/github/openfeign/feign-slf4j/10.10.1/feign-slf4j-10.10.1.jar:/Users/chenpengxiang/developEnvironment/maven/apache-maven-3.6.3/repository/io/github/openfeign/feign-hystrix/10.10.1/feign-hystrix-10.10.1.jar:/Users/chenpengxiang/developEnvironment/maven/apache-maven-3.6.3/repository/org/springframework/boot/spring-boot-starter-log4j2/2.3.9.RELEASE/spring-boot-starter-log4j2-2.3.9.RELEASE.jar:/Users/chenpengxiang/developEnvironment/maven/apache-maven-3.6.3/repository/org/apache/logging/log4j/log4j-slf4j-impl/2.13.3/log4j-slf4j-impl-2.13.3.jar:/Users/chenpengxiang/developEnvironment/maven/apache-maven-3.6.3/repository/org/apache/logging/log4j/log4j-core/2.13.3/log4j-core-2.13.3.jar:/Users/chenpengxiang/developEnvironment/maven/apache-maven-3.6.3/repository/org/apache/logging/log4j/log4j-jul/2.13.3/log4j-jul-2.13.3.jar:/Users/chenpengxiang/developEnvironment/maven/apache-maven-3.6.3/repository/org/slf4j/jul-to-slf4j/1.7.30/jul-to-slf4j-1.7.30.jar:/Users/chenpengxiang/developEnvironment/maven/apache-maven-3.6.3/repository/org/projectlombok/lombok/1.18.8/lombok-1.18.8.jar:"/>
    <property name="sun.cpu.endian" value="little"/>
    <property name="user.home" value="/Users/chenpengxiang"/>
    <property name="user.language" value="zh"/>
    <property name="java.specification.vendor" value="Oracle Corporation"/>
    <property name="java.home" value="/Library/Java/JavaVirtualMachines/jdk1.8.0_351.jdk/Contents/Home/jre"/>
    <property name="basedir" value="/Users/chenpengxiang/Documents/code/cpx-parent/cpx-service/cpx-test-service"/>
    <property name="file.separator" value="/"/>
    <property name="line.separator" value="&#10;"/>
    <property name="java.vm.specification.vendor" value="Oracle Corporation"/>
    <property name="java.specification.name" value="Java Platform API Specification"/>
    <property name="java.awt.graphicsenv" value="sun.awt.CGraphicsEnvironment"/>
    <property name="surefire.real.class.path" value="/Users/chenpengxiang/Documents/code/cpx-parent/cpx-service/cpx-test-service/target/surefire/surefirebooter5206926881827395451.jar"/>
    <property name="sun.boot.class.path" value="/Library/Java/JavaVirtualMachines/jdk1.8.0_351.jdk/Contents/Home/jre/lib/resources.jar:/Library/Java/JavaVirtualMachines/jdk1.8.0_351.jdk/Contents/Home/jre/lib/rt.jar:/Library/Java/JavaVirtualMachines/jdk1.8.0_351.jdk/Contents/Home/jre/lib/jsse.jar:/Library/Java/JavaVirtualMachines/jdk1.8.0_351.jdk/Contents/Home/jre/lib/jce.jar:/Library/Java/JavaVirtualMachines/jdk1.8.0_351.jdk/Contents/Home/jre/lib/charsets.jar:/Library/Java/JavaVirtualMachines/jdk1.8.0_351.jdk/Contents/Home/jre/lib/jfr.jar:/Library/Java/JavaVirtualMachines/jdk1.8.0_351.jdk/Contents/Home/jre/classes"/>
    <property name="sun.management.compiler" value="HotSpot 64-Bit Tiered Compilers"/>
    <property name="ftp.nonProxyHosts" value="local|*.local|169.254/16|*.169.254/16"/>
    <property name="java.runtime.version" value="1.8.0_351-b10"/>
    <property name="user.name" value="chenpengxiang"/>
    <property name="path.separator" value=":"/>
    <property name="os.version" value="13.0"/>
    <property name="java.endorsed.dirs" value="/Library/Java/JavaVirtualMachines/jdk1.8.0_351.jdk/Contents/Home/jre/lib/endorsed"/>
    <property name="java.runtime.name" value="Java(TM) SE Runtime Environment"/>
    <property name="file.encoding" value="UTF-8"/>
    <property name="java.vm.name" value="Java HotSpot(TM) 64-Bit Server VM"/>
    <property name="localRepository" value="/Users/chenpengxiang/developEnvironment/maven/apache-maven-3.6.3/repository"/>
    <property name="java.vendor.url.bug" value="http://bugreport.sun.com/bugreport/"/>
    <property name="java.io.tmpdir" value="/var/folders/ct/2xy7nmp506xbrm5z348cvccr0000gn/T/"/>
    <property name="idea.version" value="2022.1.4"/>
    <property name="java.version" value="1.8.0_351"/>
    <property name="user.dir" value="/Users/chenpengxiang/Documents/code/cpx-parent/cpx-service/cpx-test-service"/>
    <property name="os.arch" value="x86_64"/>
    <property name="java.vm.specification.name" value="Java Virtual Machine Specification"/>
    <property name="java.awt.printerjob" value="sun.lwawt.macosx.CPrinterJob"/>
    <property name="sun.os.patch.level" value="unknown"/>
    <property name="java.library.path" value="/Users/chenpengxiang/Library/Java/Extensions:/Library/Java/Extensions:/Network/Library/Java/Extensions:/System/Library/Java/Extensions:/usr/lib/java:."/>
    <property name="java.vm.info" value="mixed mode"/>
    <property name="java.vendor" value="Oracle Corporation"/>
    <property name="java.vm.version" value="25.351-b10"/>
    <property name="java.specification.maintenance.version" value="4"/>
    <property name="java.ext.dirs" value="/Users/chenpengxiang/Library/Java/Extensions:/Library/Java/JavaVirtualMachines/jdk1.8.0_351.jdk/Contents/Home/jre/lib/ext:/Library/Java/Extensions:/Network/Library/Java/Extensions:/System/Library/Java/Extensions:/usr/lib/java"/>
    <property name="sun.io.unicode.encoding" value="UnicodeBig"/>
    <property name="maven.repo.local" value="/Users/chenpengxiang/developEnvironment/maven/apache-maven-3.6.3/repository"/>
    <property name="java.class.version" value="52.0"/>
    <property name="socksNonProxyHosts" value="local|*.local|169.254/16|*.169.254/16"/>
  </properties>
  <testcase name="com.cpx.cpxtestservice.CpxTestServiceApplicationTests" classname="com.cpx.cpxtestservice.CpxTestServiceApplicationTests" time="0.043">
    <error message="org/apache/logging/log4j/spi/AbstractLoggerAdapter" type="java.lang.NoClassDefFoundError">java.lang.NoClassDefFoundError: org/apache/logging/log4j/spi/AbstractLoggerAdapter
Caused by: java.lang.ClassNotFoundException: org.apache.logging.log4j.spi.AbstractLoggerAdapter
</error>
    <system-err><![CDATA[Failed to instantiate SLF4J LoggerFactory
Reported exception:
java.lang.NoClassDefFoundError: org/apache/logging/log4j/spi/AbstractLoggerAdapter
	at java.lang.ClassLoader.defineClass1(Native Method)
	at java.lang.ClassLoader.defineClass(ClassLoader.java:756)
	at java.security.SecureClassLoader.defineClass(SecureClassLoader.java:142)
	at java.net.URLClassLoader.defineClass(URLClassLoader.java:473)
	at java.net.URLClassLoader.access$100(URLClassLoader.java:74)
	at java.net.URLClassLoader$1.run(URLClassLoader.java:369)
	at java.net.URLClassLoader$1.run(URLClassLoader.java:363)
	at java.security.AccessController.doPrivileged(Native Method)
	at java.net.URLClassLoader.findClass(URLClassLoader.java:362)
	at java.lang.ClassLoader.loadClass(ClassLoader.java:418)
	at sun.misc.Launcher$AppClassLoader.loadClass(Launcher.java:355)
	at java.lang.ClassLoader.loadClass(ClassLoader.java:351)
	at org.slf4j.impl.StaticLoggerBinder.<clinit>(StaticLoggerBinder.java:36)
	at org.slf4j.LoggerFactory.bind(LoggerFactory.java:150)
	at org.slf4j.LoggerFactory.performInitialization(LoggerFactory.java:124)
	at org.slf4j.LoggerFactory.getILoggerFactory(LoggerFactory.java:417)
	at org.slf4j.LoggerFactory.getLogger(LoggerFactory.java:362)
	at org.apache.commons.logging.LogAdapter$Slf4jAdapter.createLocationAwareLog(LogAdapter.java:130)
	at org.apache.commons.logging.LogAdapter.createLog(LogAdapter.java:91)
	at org.apache.commons.logging.LogFactory.getLog(LogFactory.java:67)
	at org.apache.commons.logging.LogFactory.getLog(LogFactory.java:59)
	at org.springframework.test.context.TestContextManager.<clinit>(TestContextManager.java:92)
	at org.junit.jupiter.engine.execution.ExtensionValuesStore.lambda$getOrComputeIfAbsent$0(ExtensionValuesStore.java:81)
	at org.junit.jupiter.engine.execution.ExtensionValuesStore$MemoizingSupplier.get(ExtensionValuesStore.java:182)
	at org.junit.jupiter.engine.execution.ExtensionValuesStore.getOrComputeIfAbsent(ExtensionValuesStore.java:84)
	at org.junit.jupiter.engine.execution.ExtensionValuesStore.getOrComputeIfAbsent(ExtensionValuesStore.java:88)
	at org.junit.jupiter.engine.execution.NamespaceAwareStore.getOrComputeIfAbsent(NamespaceAwareStore.java:61)
	at org.springframework.test.context.junit.jupiter.SpringExtension.getTestContextManager(SpringExtension.java:213)
	at org.springframework.test.context.junit.jupiter.SpringExtension.beforeAll(SpringExtension.java:77)
	at org.junit.jupiter.engine.descriptor.ClassBasedTestDescriptor.lambda$invokeBeforeAllCallbacks$7(ClassBasedTestDescriptor.java:359)
	at org.junit.platform.engine.support.hierarchical.ThrowableCollector.execute(ThrowableCollector.java:73)
	at org.junit.jupiter.engine.descriptor.ClassBasedTestDescriptor.invokeBeforeAllCallbacks(ClassBasedTestDescriptor.java:359)
	at org.junit.jupiter.engine.descriptor.ClassBasedTestDescriptor.before(ClassBasedTestDescriptor.java:189)
	at org.junit.jupiter.engine.descriptor.ClassBasedTestDescriptor.before(ClassBasedTestDescriptor.java:78)
	at org.junit.platform.engine.support.hierarchical.NodeTestTask.lambda$executeRecursively$5(NodeTestTask.java:132)
	at org.junit.platform.engine.support.hierarchical.ThrowableCollector.execute(ThrowableCollector.java:73)
	at org.junit.platform.engine.support.hierarchical.NodeTestTask.lambda$executeRecursively$7(NodeTestTask.java:125)
	at org.junit.platform.engine.support.hierarchical.Node.around(Node.java:135)
	at org.junit.platform.engine.support.hierarchical.NodeTestTask.lambda$executeRecursively$8(NodeTestTask.java:123)
	at org.junit.platform.engine.support.hierarchical.ThrowableCollector.execute(ThrowableCollector.java:73)
	at org.junit.platform.engine.support.hierarchical.NodeTestTask.executeRecursively(NodeTestTask.java:122)
	at org.junit.platform.engine.support.hierarchical.NodeTestTask.execute(NodeTestTask.java:80)
	at java.util.ArrayList.forEach(ArrayList.java:1259)
	at org.junit.platform.engine.support.hierarchical.SameThreadHierarchicalTestExecutorService.invokeAll(SameThreadHierarchicalTestExecutorService.java:38)
	at org.junit.platform.engine.support.hierarchical.NodeTestTask.lambda$executeRecursively$5(NodeTestTask.java:139)
	at org.junit.platform.engine.support.hierarchical.ThrowableCollector.execute(ThrowableCollector.java:73)
	at org.junit.platform.engine.support.hierarchical.NodeTestTask.lambda$executeRecursively$7(NodeTestTask.java:125)
	at org.junit.platform.engine.support.hierarchical.Node.around(Node.java:135)
	at org.junit.platform.engine.support.hierarchical.NodeTestTask.lambda$executeRecursively$8(NodeTestTask.java:123)
	at org.junit.platform.engine.support.hierarchical.ThrowableCollector.execute(ThrowableCollector.java:73)
	at org.junit.platform.engine.support.hierarchical.NodeTestTask.executeRecursively(NodeTestTask.java:122)
	at org.junit.platform.engine.support.hierarchical.NodeTestTask.execute(NodeTestTask.java:80)
	at org.junit.platform.engine.support.hierarchical.SameThreadHierarchicalTestExecutorService.submit(SameThreadHierarchicalTestExecutorService.java:32)
	at org.junit.platform.engine.support.hierarchical.HierarchicalTestExecutor.execute(HierarchicalTestExecutor.java:57)
	at org.junit.platform.engine.support.hierarchical.HierarchicalTestEngine.execute(HierarchicalTestEngine.java:51)
	at org.junit.platform.launcher.core.DefaultLauncher.execute(DefaultLauncher.java:220)
	at org.junit.platform.launcher.core.DefaultLauncher.lambda$execute$6(DefaultLauncher.java:188)
	at org.junit.platform.launcher.core.DefaultLauncher.withInterceptedStreams(DefaultLauncher.java:202)
	at org.junit.platform.launcher.core.DefaultLauncher.execute(DefaultLauncher.java:181)
	at org.junit.platform.launcher.core.DefaultLauncher.execute(DefaultLauncher.java:128)
	at org.apache.maven.surefire.junitplatform.JUnitPlatformProvider.invokeAllTests(JUnitPlatformProvider.java:150)
	at org.apache.maven.surefire.junitplatform.JUnitPlatformProvider.invoke(JUnitPlatformProvider.java:124)
	at org.apache.maven.surefire.booter.ForkedBooter.invokeProviderInSameClassLoader(ForkedBooter.java:384)
	at org.apache.maven.surefire.booter.ForkedBooter.runSuitesInProcess(ForkedBooter.java:345)
	at org.apache.maven.surefire.booter.ForkedBooter.execute(ForkedBooter.java:126)
	at org.apache.maven.surefire.booter.ForkedBooter.main(ForkedBooter.java:418)
Caused by: java.lang.ClassNotFoundException: org.apache.logging.log4j.spi.AbstractLoggerAdapter
	at java.net.URLClassLoader.findClass(URLClassLoader.java:387)
	at java.lang.ClassLoader.loadClass(ClassLoader.java:418)
	at sun.misc.Launcher$AppClassLoader.loadClass(Launcher.java:355)
	at java.lang.ClassLoader.loadClass(ClassLoader.java:351)
	... 66 more
]]></system-err>
  </testcase>
</testsuite>